[debug] [2021-08-18T11:22:32.139Z] ----------------------------------------------------------------------
[debug] [2021-08-18T11:22:32.145Z] Command:       G:\nordin\node.exe C:\Users\lizhe\AppData\Roaming\npm\node_modules\firebase-tools\lib\bin\firebase.js use --add
[debug] [2021-08-18T11:22:32.146Z] CLI Version:   9.16.5
[debug] [2021-08-18T11:22:32.146Z] Platform:      win32
[debug] [2021-08-18T11:22:32.146Z] Node Version:  v16.3.0
[debug] [2021-08-18T11:22:32.149Z] Time:          Wed Aug 18 2021 19:22:32 GMT+0800 (中国标准时间)
[debug] [2021-08-18T11:22:32.150Z] ----------------------------------------------------------------------
[debug] 
[debug] [2021-08-18T11:22:32.300Z] > command requires scopes: ["email","openid","https://www.googleapis.com/auth/cloudplatformprojects.readonly","https://www.googleapis.com/auth/firebase","https://www.googleapis.com/auth/cloud-platform"]
[debug] [2021-08-18T11:22:32.301Z] > authorizing via signed-in user (hamdaoui.noureddine@gmail.com)
[debug] [2021-08-18T11:22:32.310Z] >>> [apiv2][query] GET https://firebase.googleapis.com/v1beta1/projects pageSize=1000
[debug] [2021-08-18T11:22:32.932Z] <<< [apiv2][status] GET https://firebase.googleapis.com/v1beta1/projects 200
[debug] [2021-08-18T11:22:32.932Z] <<< [apiv2][body] GET https://firebase.googleapis.com/v1beta1/projects [omitted]
[debug] [2021-08-18T11:22:46.667Z] TypeError: Cannot read property 'value' of undefined
    at ListPrompt.getCurrentValue (C:\Users\lizhe\AppData\Roaming\npm\node_modules\firebase-tools\node_modules\inquirer\lib\prompts\list.js:121:53)
    at MapSubscriber._next (C:\Users\lizhe\AppData\Roaming\npm\node_modules\firebase-tools\node_modules\rxjs\internal\operators\map.js:49:35)
    at MapSubscriber.Subscriber.next (C:\Users\lizhe\AppData\Roaming\npm\node_modules\firebase-tools\node_modules\rxjs\internal\Subscriber.js:66:18)
    at TakeSubscriber._next (C:\Users\lizhe\AppData\Roaming\npm\node_modules\firebase-tools\node_modules\rxjs\internal\operators\take.js:54:30)
    at TakeSubscriber.Subscriber.next (C:\Users\lizhe\AppData\Roaming\npm\node_modules\firebase-tools\node_modules\rxjs\internal\Subscriber.js:66:18)
    at Interface.handler (C:\Users\lizhe\AppData\Roaming\npm\node_modules\firebase-tools\node_modules\rxjs\internal\observable\fromEvent.js:22:28)
    at Interface.emit (node:events:406:35)
    at Interface.emit (node:domain:470:12)
    at Interface._onLine (node:readline:487:10)
    at Interface._line (node:readline:852:8)
    at Interface._ttyWrite (node:readline:1204:14)
    at ReadStream.onkeypress (node:readline:288:10)
    at ReadStream.emit (node:events:406:35)
    at ReadStream.emit (node:domain:470:12)
    at emitKeys (node:internal/readline/utils:358:14)
    at emitKeys.next (<anonymous>)
[error] 
[error] Error: An unexpected error has occurred.
[debug] [2021-08-18T11:22:57.441Z] ----------------------------------------------------------------------
[debug] [2021-08-18T11:22:57.445Z] Command:       G:\nordin\node.exe C:\Users\lizhe\AppData\Roaming\npm\node_modules\firebase-tools\lib\bin\firebase.js use --add
[debug] [2021-08-18T11:22:57.446Z] CLI Version:   9.16.5
[debug] [2021-08-18T11:22:57.446Z] Platform:      win32
[debug] [2021-08-18T11:22:57.446Z] Node Version:  v16.3.0
[debug] [2021-08-18T11:22:57.448Z] Time:          Wed Aug 18 2021 19:22:57 GMT+0800 (中国标准时间)
[debug] [2021-08-18T11:22:57.449Z] ----------------------------------------------------------------------
[debug] 
[debug] [2021-08-18T11:22:57.542Z] > command requires scopes: ["email","openid","https://www.googleapis.com/auth/cloudplatformprojects.readonly","https://www.googleapis.com/auth/firebase","https://www.googleapis.com/auth/cloud-platform"]
[debug] [2021-08-18T11:22:57.542Z] > authorizing via signed-in user (hamdaoui.noureddine@gmail.com)
[debug] [2021-08-18T11:22:57.550Z] >>> [apiv2][query] GET https://firebase.googleapis.com/v1beta1/projects pageSize=1000
[debug] [2021-08-18T11:22:58.128Z] <<< [apiv2][status] GET https://firebase.googleapis.com/v1beta1/projects 200
[debug] [2021-08-18T11:22:58.129Z] <<< [apiv2][body] GET https://firebase.googleapis.com/v1beta1/projects [omitted]
[debug] [2021-08-18T11:23:02.829Z] TypeError: Cannot read property 'value' of undefined
    at ListPrompt.getCurrentValue (C:\Users\lizhe\AppData\Roaming\npm\node_modules\firebase-tools\node_modules\inquirer\lib\prompts\list.js:121:53)
    at MapSubscriber._next (C:\Users\lizhe\AppData\Roaming\npm\node_modules\firebase-tools\node_modules\rxjs\internal\operators\map.js:49:35)
    at MapSubscriber.Subscriber.next (C:\Users\lizhe\AppData\Roaming\npm\node_modules\firebase-tools\node_modules\rxjs\internal\Subscriber.js:66:18)
    at TakeSubscriber._next (C:\Users\lizhe\AppData\Roaming\npm\node_modules\firebase-tools\node_modules\rxjs\internal\operators\take.js:54:30)
    at TakeSubscriber.Subscriber.next (C:\Users\lizhe\AppData\Roaming\npm\node_modules\firebase-tools\node_modules\rxjs\internal\Subscriber.js:66:18)
    at Interface.handler (C:\Users\lizhe\AppData\Roaming\npm\node_modules\firebase-tools\node_modules\rxjs\internal\observable\fromEvent.js:22:28)
    at Interface.emit (node:events:406:35)
    at Interface.emit (node:domain:470:12)
    at Interface._onLine (node:readline:487:10)
    at Interface._line (node:readline:852:8)
    at Interface._ttyWrite (node:readline:1204:14)
    at ReadStream.onkeypress (node:readline:288:10)
    at ReadStream.emit (node:events:406:35)
    at ReadStream.emit (node:domain:470:12)
    at emitKeys (node:internal/readline/utils:358:14)
    at emitKeys.next (<anonymous>)
[error] 
[error] Error: An unexpected error has occurred.
